<?xml version="1.0" encoding="UTF-8"?>
<!-- Generated by org.testng.reporters.JUnitXMLReporter -->
<testsuite ignored="3" hostname="Fatmas-MBP.fios-router.home" failures="1" tests="1" name="Smoke Test" time="0.03" errors="0" timestamp="15 Jun 2020 05:21:47 GMT">
  <testcase classname="com.hrms.testcases.LoginTest" name="validAdminLogin" time="0.007">
    <failure type="java.lang.NullPointerException">
      <![CDATA[java.lang.NullPointerException
at com.hrms.testcases.LoginTest.validAdminLogin(LoginTest.java:26)
... Removed 25 stack frames]]>
    </failure>
  </testcase> <!-- validAdminLogin -->
  <testcase classname="com.hrms.testcases.LoginTest" name="invalidPasswordLogin" time="0.0">
    <ignored/>
  </testcase> <!-- invalidPasswordLogin -->
  <testcase classname="com.hrms.testcases.LoginTest" name="emptyUsernameLogin" time="0.0">
    <ignored/>
  </testcase> <!-- emptyUsernameLogin -->
  <testcase classname="com.hrms.testcases.AddEmployeTest" name="AddEmployeePage" time="0.0">
    <ignored/>
  </testcase> <!-- AddEmployeePage -->
</testsuite> <!-- Smoke Test -->
